<?xml version="1.0" encoding="UTF-8"?>
<coverage generated="1714580823440" clover="3.2.0">
  <project timestamp="1714580823440" name="All files">
    <metrics statements="78" coveredstatements="47" conditionals="57" coveredconditionals="43" methods="26" coveredmethods="12" elements="161" coveredelements="102" complexity="0" loc="78" ncloc="78" packages="2" files="2" classes="2"/>
    <package name="controllers">
      <metrics statements="57" coveredstatements="29" conditionals="22" coveredconditionals="16" methods="20" coveredmethods="8"/>
      <file name="exerciseController.js" path="C:\Users\costa\Desktop\Workout-Tracker-App\server\dist\controllers\exerciseController.js">
        <metrics statements="57" coveredstatements="29" conditionals="22" coveredconditionals="16" methods="20" coveredmethods="8"/>
        <line num="2" count="1" type="cond" truecount="3" falsecount="0"/>
        <line num="3" count="1" type="cond" truecount="1" falsecount="1"/>
        <line num="4" count="1" type="cond" truecount="2" falsecount="0"/>
        <line num="5" count="0" type="stmt"/>
        <line num="6" count="1" type="stmt"/>
        <line num="7" count="2" type="cond" truecount="2" falsecount="0"/>
        <line num="8" count="1" type="cond" truecount="2" falsecount="0"/>
        <line num="11" count="1" type="cond" truecount="3" falsecount="0"/>
        <line num="12" count="1" type="cond" truecount="3" falsecount="1"/>
        <line num="14" count="1" type="stmt"/>
        <line num="15" count="1" type="stmt"/>
        <line num="16" count="1" type="stmt"/>
        <line num="17" count="1" type="stmt"/>
        <line num="18" count="1" type="stmt"/>
        <line num="19" count="1" type="stmt"/>
        <line num="20" count="1" type="stmt"/>
        <line num="27" count="1" type="stmt"/>
        <line num="28" count="0" type="stmt"/>
        <line num="31" count="1" type="stmt"/>
        <line num="32" count="1" type="stmt"/>
        <line num="35" count="1" type="stmt"/>
        <line num="36" count="1" type="stmt"/>
        <line num="37" count="0" type="stmt"/>
        <line num="38" count="0" type="stmt"/>
        <line num="39" count="0" type="stmt"/>
        <line num="42" count="0" type="stmt"/>
        <line num="43" count="0" type="stmt"/>
        <line num="46" count="1" type="stmt"/>
        <line num="47" count="1" type="stmt"/>
        <line num="48" count="0" type="stmt"/>
        <line num="49" count="0" type="stmt"/>
        <line num="50" count="0" type="stmt"/>
        <line num="56" count="0" type="cond" truecount="0" falsecount="2"/>
        <line num="57" count="0" type="stmt"/>
        <line num="61" count="0" type="stmt"/>
        <line num="64" count="0" type="stmt"/>
        <line num="65" count="0" type="stmt"/>
        <line num="68" count="1" type="stmt"/>
        <line num="69" count="1" type="stmt"/>
        <line num="70" count="0" type="stmt"/>
        <line num="71" count="0" type="stmt"/>
        <line num="72" count="0" type="cond" truecount="0" falsecount="2"/>
        <line num="73" count="0" type="stmt"/>
        <line num="77" count="0" type="stmt"/>
        <line num="80" count="0" type="stmt"/>
        <line num="81" count="0" type="stmt"/>
        <line num="84" count="1" type="stmt"/>
        <line num="85" count="1" type="stmt"/>
        <line num="86" count="0" type="stmt"/>
        <line num="89" count="0" type="stmt"/>
        <line num="90" count="0" type="stmt"/>
        <line num="93" count="1" type="stmt"/>
        <line num="94" count="1" type="stmt"/>
        <line num="95" count="0" type="stmt"/>
        <line num="98" count="0" type="stmt"/>
        <line num="99" count="0" type="stmt"/>
        <line num="102" count="1" type="stmt"/>
      </file>
    </package>
    <package name="models">
      <metrics statements="21" coveredstatements="18" conditionals="35" coveredconditionals="27" methods="6" coveredmethods="4"/>
      <file name="Exercise.js" path="C:\Users\costa\Desktop\Workout-Tracker-App\server\dist\models\Exercise.js">
        <metrics statements="21" coveredstatements="18" conditionals="35" coveredconditionals="27" methods="6" coveredmethods="4"/>
        <line num="2" count="1" type="cond" truecount="4" falsecount="1"/>
        <line num="3" count="52" type="cond" truecount="1" falsecount="1"/>
        <line num="4" count="52" type="stmt"/>
        <line num="5" count="52" type="cond" truecount="7" falsecount="1"/>
        <line num="6" count="51" type="stmt"/>
        <line num="8" count="52" type="stmt"/>
        <line num="10" count="0" type="cond" truecount="0" falsecount="2"/>
        <line num="11" count="0" type="stmt"/>
        <line num="13" count="1" type="cond" truecount="4" falsecount="1"/>
        <line num="14" count="1" type="stmt"/>
        <line num="16" count="0" type="stmt"/>
        <line num="18" count="1" type="cond" truecount="3" falsecount="0"/>
        <line num="19" count="1" type="cond" truecount="3" falsecount="1"/>
        <line num="20" count="1" type="stmt"/>
        <line num="21" count="60" type="cond" truecount="5" falsecount="1"/>
        <line num="22" count="1" type="stmt"/>
        <line num="23" count="1" type="stmt"/>
        <line num="25" count="1" type="stmt"/>
        <line num="26" count="1" type="stmt"/>
        <line num="27" count="1" type="stmt"/>
        <line num="45" count="1" type="stmt"/>
      </file>
    </package>
  </project>
</coverage>
