<?xml version="1.0" encoding="UTF-8"?>
<coverage generated="1714062000229" clover="3.2.0">
  <project timestamp="1714062000229" name="All files">
    <metrics statements="57" coveredstatements="27" conditionals="22" coveredconditionals="14" methods="20" coveredmethods="6" elements="99" coveredelements="47" complexity="0" loc="57" ncloc="57" packages="1" files="1" classes="1"/>
    <file name="exerciseController.js" path="C:\Users\costa\Desktop\Workout-Tracker-App\server\dist\controllers\exerciseController.js">
      <metrics statements="57" coveredstatements="27" conditionals="22" coveredconditionals="14" methods="20" coveredmethods="6"/>
      <line num="2" count="1" type="cond" truecount="3" falsecount="0"/>
      <line num="3" count="0" type="cond" truecount="0" falsecount="2"/>
      <line num="4" count="1" type="cond" truecount="2" falsecount="0"/>
      <line num="5" count="0" type="stmt"/>
      <line num="6" count="0" type="stmt"/>
      <line num="7" count="1" type="cond" truecount="1" falsecount="1"/>
      <line num="8" count="1" type="cond" truecount="2" falsecount="0"/>
      <line num="11" count="1" type="cond" truecount="3" falsecount="0"/>
      <line num="12" count="1" type="cond" truecount="3" falsecount="1"/>
      <line num="14" count="1" type="stmt"/>
      <line num="15" count="1" type="stmt"/>
      <line num="16" count="1" type="stmt"/>
      <line num="17" count="1" type="stmt"/>
      <line num="18" count="1" type="stmt"/>
      <line num="19" count="1" type="stmt"/>
      <line num="20" count="1" type="stmt"/>
      <line num="27" count="1" type="stmt"/>
      <line num="28" count="0" type="stmt"/>
      <line num="31" count="1" type="stmt"/>
      <line num="32" count="1" type="stmt"/>
      <line num="35" count="1" type="stmt"/>
      <line num="36" count="1" type="stmt"/>
      <line num="37" count="0" type="stmt"/>
      <line num="38" count="0" type="stmt"/>
      <line num="39" count="0" type="stmt"/>
      <line num="42" count="0" type="stmt"/>
      <line num="43" count="0" type="stmt"/>
      <line num="46" count="1" type="stmt"/>
      <line num="47" count="1" type="stmt"/>
      <line num="48" count="0" type="stmt"/>
      <line num="49" count="0" type="stmt"/>
      <line num="50" count="0" type="stmt"/>
      <line num="56" count="0" type="cond" truecount="0" falsecount="2"/>
      <line num="57" count="0" type="stmt"/>
      <line num="61" count="0" type="stmt"/>
      <line num="64" count="0" type="stmt"/>
      <line num="65" count="0" type="stmt"/>
      <line num="68" count="1" type="stmt"/>
      <line num="69" count="1" type="stmt"/>
      <line num="70" count="0" type="stmt"/>
      <line num="71" count="0" type="stmt"/>
      <line num="72" count="0" type="cond" truecount="0" falsecount="2"/>
      <line num="73" count="0" type="stmt"/>
      <line num="77" count="0" type="stmt"/>
      <line num="80" count="0" type="stmt"/>
      <line num="81" count="0" type="stmt"/>
      <line num="84" count="1" type="stmt"/>
      <line num="85" count="1" type="stmt"/>
      <line num="86" count="0" type="stmt"/>
      <line num="90" count="0" type="stmt"/>
      <line num="91" count="0" type="stmt"/>
      <line num="94" count="1" type="stmt"/>
      <line num="95" count="1" type="stmt"/>
      <line num="96" count="0" type="stmt"/>
      <line num="100" count="0" type="stmt"/>
      <line num="101" count="0" type="stmt"/>
      <line num="104" count="1" type="stmt"/>
    </file>
  </project>
</coverage>
