{"C:\\Users\\costa\\Desktop\\Workout-Tracker-App\\server\\dist\\controllers\\exerciseController.js": {"path":"C:\\Users\\costa\\Desktop\\Workout-Tracker-App\\server\\dist\\controllers\\exerciseController.js","statementMap":{"0":{"start":{"line":2,"column":16},"end":{"line":10,"column":1}},"1":{"start":{"line":3,"column":28},"end":{"line":3,"column":110}},"2":{"start":{"line":3,"column":91},"end":{"line":3,"column":106}},"3":{"start":{"line":4,"column":4},"end":{"line":9,"column":7}},"4":{"start":{"line":5,"column":36},"end":{"line":5,"column":97}},"5":{"start":{"line":5,"column":42},"end":{"line":5,"column":70}},"6":{"start":{"line":5,"column":85},"end":{"line":5,"column":95}},"7":{"start":{"line":6,"column":35},"end":{"line":6,"column":100}},"8":{"start":{"line":6,"column":41},"end":{"line":6,"column":73}},"9":{"start":{"line":6,"column":88},"end":{"line":6,"column":98}},"10":{"start":{"line":7,"column":32},"end":{"line":7,"column":116}},"11":{"start":{"line":8,"column":8},"end":{"line":8,"column":78}},"12":{"start":{"line":11,"column":22},"end":{"line":13,"column":1}},"13":{"start":{"line":12,"column":4},"end":{"line":12,"column":62}},"14":{"start":{"line":14,"column":0},"end":{"line":14,"column":62}},"15":{"start":{"line":15,"column":0},"end":{"line":15,"column":164}},"16":{"start":{"line":16,"column":19},"end":{"line":16,"column":65}},"17":{"start":{"line":17,"column":23},"end":{"line":34,"column":2}},"18":{"start":{"line":17,"column":37},"end":{"line":34,"column":2}},"19":{"start":{"line":18,"column":4},"end":{"line":33,"column":5}},"20":{"start":{"line":19,"column":65},"end":{"line":19,"column":73}},"21":{"start":{"line":20,"column":25},"end":{"line":26,"column":10}},"22":{"start":{"line":27,"column":8},"end":{"line":27,"column":30}},"23":{"start":{"line":28,"column":8},"end":{"line":28,"column":64}},"24":{"start":{"line":31,"column":8},"end":{"line":31,"column":55}},"25":{"start":{"line":32,"column":8},"end":{"line":32,"column":72}},"26":{"start":{"line":35,"column":0},"end":{"line":35,"column":40}},"27":{"start":{"line":36,"column":21},"end":{"line":45,"column":2}},"28":{"start":{"line":36,"column":35},"end":{"line":45,"column":2}},"29":{"start":{"line":37,"column":4},"end":{"line":44,"column":5}},"30":{"start":{"line":38,"column":26},"end":{"line":38,"column":57}},"31":{"start":{"line":39,"column":8},"end":{"line":39,"column":65}},"32":{"start":{"line":42,"column":8},"end":{"line":42,"column":27}},"33":{"start":{"line":43,"column":8},"end":{"line":43,"column":72}},"34":{"start":{"line":46,"column":0},"end":{"line":46,"column":36}},"35":{"start":{"line":47,"column":23},"end":{"line":67,"column":2}},"36":{"start":{"line":47,"column":37},"end":{"line":67,"column":2}},"37":{"start":{"line":48,"column":4},"end":{"line":66,"column":5}},"38":{"start":{"line":49,"column":51},"end":{"line":49,"column":59}},"39":{"start":{"line":50,"column":25},"end":{"line":55,"column":25}},"40":{"start":{"line":56,"column":8},"end":{"line":60,"column":9}},"41":{"start":{"line":57,"column":12},"end":{"line":59,"column":71}},"42":{"start":{"line":61,"column":8},"end":{"line":61,"column":71}},"43":{"start":{"line":64,"column":8},"end":{"line":64,"column":27}},"44":{"start":{"line":65,"column":8},"end":{"line":65,"column":79}},"45":{"start":{"line":68,"column":0},"end":{"line":68,"column":40}},"46":{"start":{"line":69,"column":23},"end":{"line":83,"column":2}},"47":{"start":{"line":69,"column":37},"end":{"line":83,"column":2}},"48":{"start":{"line":70,"column":4},"end":{"line":82,"column":5}},"49":{"start":{"line":71,"column":25},"end":{"line":71,"column":82}},"50":{"start":{"line":72,"column":8},"end":{"line":76,"column":9}},"51":{"start":{"line":73,"column":12},"end":{"line":75,"column":71}},"52":{"start":{"line":77,"column":8},"end":{"line":77,"column":65}},"53":{"start":{"line":80,"column":8},"end":{"line":80,"column":27}},"54":{"start":{"line":81,"column":8},"end":{"line":81,"column":79}},"55":{"start":{"line":84,"column":0},"end":{"line":84,"column":40}},"56":{"start":{"line":85,"column":24},"end":{"line":92,"column":2}},"57":{"start":{"line":85,"column":38},"end":{"line":92,"column":2}},"58":{"start":{"line":86,"column":4},"end":{"line":91,"column":5}},"59":{"start":{"line":89,"column":8},"end":{"line":89,"column":64}},"60":{"start":{"line":90,"column":8},"end":{"line":90,"column":72}},"61":{"start":{"line":93,"column":0},"end":{"line":93,"column":42}},"62":{"start":{"line":94,"column":31},"end":{"line":101,"column":2}},"63":{"start":{"line":94,"column":45},"end":{"line":101,"column":2}},"64":{"start":{"line":95,"column":4},"end":{"line":100,"column":5}},"65":{"start":{"line":98,"column":8},"end":{"line":98,"column":61}},"66":{"start":{"line":99,"column":8},"end":{"line":99,"column":72}},"67":{"start":{"line":102,"column":0},"end":{"line":102,"column":56}}},"fnMap":{"0":{"name":"(anonymous_0)","decl":{"start":{"line":2,"column":44},"end":{"line":2,"column":45}},"loc":{"start":{"line":2,"column":89},"end":{"line":10,"column":1}},"line":2},"1":{"name":"adopt","decl":{"start":{"line":3,"column":13},"end":{"line":3,"column":18}},"loc":{"start":{"line":3,"column":26},"end":{"line":3,"column":112}},"line":3},"2":{"name":"(anonymous_2)","decl":{"start":{"line":3,"column":70},"end":{"line":3,"column":71}},"loc":{"start":{"line":3,"column":89},"end":{"line":3,"column":108}},"line":3},"3":{"name":"(anonymous_3)","decl":{"start":{"line":4,"column":36},"end":{"line":4,"column":37}},"loc":{"start":{"line":4,"column":63},"end":{"line":9,"column":5}},"line":4},"4":{"name":"fulfilled","decl":{"start":{"line":5,"column":17},"end":{"line":5,"column":26}},"loc":{"start":{"line":5,"column":34},"end":{"line":5,"column":99}},"line":5},"5":{"name":"rejected","decl":{"start":{"line":6,"column":17},"end":{"line":6,"column":25}},"loc":{"start":{"line":6,"column":33},"end":{"line":6,"column":102}},"line":6},"6":{"name":"step","decl":{"start":{"line":7,"column":17},"end":{"line":7,"column":21}},"loc":{"start":{"line":7,"column":30},"end":{"line":7,"column":118}},"line":7},"7":{"name":"(anonymous_7)","decl":{"start":{"line":11,"column":56},"end":{"line":11,"column":57}},"loc":{"start":{"line":11,"column":71},"end":{"line":13,"column":1}},"line":11},"8":{"name":"(anonymous_8)","decl":{"start":{"line":17,"column":23},"end":{"line":17,"column":24}},"loc":{"start":{"line":17,"column":37},"end":{"line":34,"column":2}},"line":17},"9":{"name":"(anonymous_9)","decl":{"start":{"line":17,"column":71},"end":{"line":17,"column":72}},"loc":{"start":{"line":17,"column":84},"end":{"line":34,"column":1}},"line":17},"10":{"name":"(anonymous_10)","decl":{"start":{"line":36,"column":21},"end":{"line":36,"column":22}},"loc":{"start":{"line":36,"column":35},"end":{"line":45,"column":2}},"line":36},"11":{"name":"(anonymous_11)","decl":{"start":{"line":36,"column":69},"end":{"line":36,"column":70}},"loc":{"start":{"line":36,"column":82},"end":{"line":45,"column":1}},"line":36},"12":{"name":"(anonymous_12)","decl":{"start":{"line":47,"column":23},"end":{"line":47,"column":24}},"loc":{"start":{"line":47,"column":37},"end":{"line":67,"column":2}},"line":47},"13":{"name":"(anonymous_13)","decl":{"start":{"line":47,"column":71},"end":{"line":47,"column":72}},"loc":{"start":{"line":47,"column":84},"end":{"line":67,"column":1}},"line":47},"14":{"name":"(anonymous_14)","decl":{"start":{"line":69,"column":23},"end":{"line":69,"column":24}},"loc":{"start":{"line":69,"column":37},"end":{"line":83,"column":2}},"line":69},"15":{"name":"(anonymous_15)","decl":{"start":{"line":69,"column":71},"end":{"line":69,"column":72}},"loc":{"start":{"line":69,"column":84},"end":{"line":83,"column":1}},"line":69},"16":{"name":"(anonymous_16)","decl":{"start":{"line":85,"column":24},"end":{"line":85,"column":25}},"loc":{"start":{"line":85,"column":38},"end":{"line":92,"column":2}},"line":85},"17":{"name":"(anonymous_17)","decl":{"start":{"line":85,"column":72},"end":{"line":85,"column":73}},"loc":{"start":{"line":85,"column":85},"end":{"line":92,"column":1}},"line":85},"18":{"name":"(anonymous_18)","decl":{"start":{"line":94,"column":31},"end":{"line":94,"column":32}},"loc":{"start":{"line":94,"column":45},"end":{"line":101,"column":2}},"line":94},"19":{"name":"(anonymous_19)","decl":{"start":{"line":94,"column":79},"end":{"line":94,"column":80}},"loc":{"start":{"line":94,"column":92},"end":{"line":101,"column":1}},"line":94}},"branchMap":{"0":{"loc":{"start":{"line":2,"column":16},"end":{"line":10,"column":1}},"type":"binary-expr","locations":[{"start":{"line":2,"column":17},"end":{"line":2,"column":21}},{"start":{"line":2,"column":25},"end":{"line":2,"column":39}},{"start":{"line":2,"column":44},"end":{"line":10,"column":1}}],"line":2},"1":{"loc":{"start":{"line":3,"column":35},"end":{"line":3,"column":109}},"type":"cond-expr","locations":[{"start":{"line":3,"column":56},"end":{"line":3,"column":61}},{"start":{"line":3,"column":64},"end":{"line":3,"column":109}}],"line":3},"2":{"loc":{"start":{"line":4,"column":16},"end":{"line":4,"column":34}},"type":"binary-expr","locations":[{"start":{"line":4,"column":16},"end":{"line":4,"column":17}},{"start":{"line":4,"column":22},"end":{"line":4,"column":33}}],"line":4},"3":{"loc":{"start":{"line":7,"column":32},"end":{"line":7,"column":115}},"type":"cond-expr","locations":[{"start":{"line":7,"column":46},"end":{"line":7,"column":67}},{"start":{"line":7,"column":70},"end":{"line":7,"column":115}}],"line":7},"4":{"loc":{"start":{"line":8,"column":51},"end":{"line":8,"column":67}},"type":"binary-expr","locations":[{"start":{"line":8,"column":51},"end":{"line":8,"column":61}},{"start":{"line":8,"column":65},"end":{"line":8,"column":67}}],"line":8},"5":{"loc":{"start":{"line":11,"column":22},"end":{"line":13,"column":1}},"type":"binary-expr","locations":[{"start":{"line":11,"column":23},"end":{"line":11,"column":27}},{"start":{"line":11,"column":31},"end":{"line":11,"column":51}},{"start":{"line":11,"column":56},"end":{"line":13,"column":1}}],"line":11},"6":{"loc":{"start":{"line":12,"column":11},"end":{"line":12,"column":61}},"type":"cond-expr","locations":[{"start":{"line":12,"column":37},"end":{"line":12,"column":40}},{"start":{"line":12,"column":43},"end":{"line":12,"column":61}}],"line":12},"7":{"loc":{"start":{"line":12,"column":12},"end":{"line":12,"column":33}},"type":"binary-expr","locations":[{"start":{"line":12,"column":12},"end":{"line":12,"column":15}},{"start":{"line":12,"column":19},"end":{"line":12,"column":33}}],"line":12},"8":{"loc":{"start":{"line":56,"column":8},"end":{"line":60,"column":9}},"type":"if","locations":[{"start":{"line":56,"column":8},"end":{"line":60,"column":9}},{"start":{},"end":{}}],"line":56},"9":{"loc":{"start":{"line":72,"column":8},"end":{"line":76,"column":9}},"type":"if","locations":[{"start":{"line":72,"column":8},"end":{"line":76,"column":9}},{"start":{},"end":{}}],"line":72}},"s":{"0":1,"1":1,"2":0,"3":1,"4":0,"5":0,"6":0,"7":1,"8":1,"9":0,"10":2,"11":1,"12":1,"13":1,"14":1,"15":1,"16":1,"17":1,"18":1,"19":1,"20":1,"21":1,"22":1,"23":0,"24":1,"25":1,"26":1,"27":1,"28":0,"29":0,"30":0,"31":0,"32":0,"33":0,"34":1,"35":1,"36":0,"37":0,"38":0,"39":0,"40":0,"41":0,"42":0,"43":0,"44":0,"45":1,"46":1,"47":0,"48":0,"49":0,"50":0,"51":0,"52":0,"53":0,"54":0,"55":1,"56":1,"57":0,"58":0,"59":0,"60":0,"61":1,"62":1,"63":0,"64":0,"65":0,"66":0,"67":1},"f":{"0":1,"1":1,"2":0,"3":1,"4":0,"5":1,"6":2,"7":1,"8":1,"9":1,"10":0,"11":0,"12":0,"13":0,"14":0,"15":0,"16":0,"17":0,"18":0,"19":0},"b":{"0":[1,1,1],"1":[1,0],"2":[1,1],"3":[1,1],"4":[1,1],"5":[1,1,1],"6":[1,0],"7":[1,1],"8":[0,0],"9":[0,0]},"_coverageSchema":"1a1c01bbd47fc00a2c39e90264f33305004495a9","hash":"b4e4f9a06559cd872d91b12ae83eea68050c2f9b"}
,"C:\\Users\\costa\\Desktop\\Workout-Tracker-App\\server\\dist\\models\\Exercise.js": {"path":"C:\\Users\\costa\\Desktop\\Workout-Tracker-App\\server\\dist\\models\\Exercise.js","statementMap":{"0":{"start":{"line":2,"column":22},"end":{"line":12,"column":3}},"1":{"start":{"line":3,"column":4},"end":{"line":3,"column":33}},"2":{"start":{"line":3,"column":26},"end":{"line":3,"column":33}},"3":{"start":{"line":4,"column":15},"end":{"line":4,"column":52}},"4":{"start":{"line":5,"column":4},"end":{"line":7,"column":5}},"5":{"start":{"line":6,"column":6},"end":{"line":6,"column":68}},"6":{"start":{"line":6,"column":51},"end":{"line":6,"column":63}},"7":{"start":{"line":8,"column":4},"end":{"line":8,"column":39}},"8":{"start":{"line":10,"column":4},"end":{"line":10,"column":33}},"9":{"start":{"line":10,"column":26},"end":{"line":10,"column":33}},"10":{"start":{"line":11,"column":4},"end":{"line":11,"column":17}},"11":{"start":{"line":13,"column":25},"end":{"line":17,"column":2}},"12":{"start":{"line":14,"column":4},"end":{"line":14,"column":72}},"13":{"start":{"line":16,"column":4},"end":{"line":16,"column":21}},"14":{"start":{"line":18,"column":19},"end":{"line":24,"column":1}},"15":{"start":{"line":19,"column":4},"end":{"line":19,"column":42}},"16":{"start":{"line":19,"column":31},"end":{"line":19,"column":42}},"17":{"start":{"line":20,"column":17},"end":{"line":20,"column":19}},"18":{"start":{"line":21,"column":4},"end":{"line":21,"column":141}},"19":{"start":{"line":21,"column":21},"end":{"line":21,"column":141}},"20":{"start":{"line":21,"column":40},"end":{"line":21,"column":141}},"21":{"start":{"line":21,"column":109},"end":{"line":21,"column":141}},"22":{"start":{"line":22,"column":4},"end":{"line":22,"column":36}},"23":{"start":{"line":23,"column":4},"end":{"line":23,"column":18}},"24":{"start":{"line":25,"column":0},"end":{"line":25,"column":62}},"25":{"start":{"line":26,"column":19},"end":{"line":26,"column":52}},"26":{"start":{"line":27,"column":23},"end":{"line":44,"column":2}},"27":{"start":{"line":45,"column":0},"end":{"line":45,"column":71}}},"fnMap":{"0":{"name":"(anonymous_0)","decl":{"start":{"line":2,"column":74},"end":{"line":2,"column":75}},"loc":{"start":{"line":2,"column":96},"end":{"line":9,"column":1}},"line":2},"1":{"name":"(anonymous_1)","decl":{"start":{"line":6,"column":38},"end":{"line":6,"column":39}},"loc":{"start":{"line":6,"column":49},"end":{"line":6,"column":65}},"line":6},"2":{"name":"(anonymous_2)","decl":{"start":{"line":9,"column":6},"end":{"line":9,"column":7}},"loc":{"start":{"line":9,"column":28},"end":{"line":12,"column":1}},"line":9},"3":{"name":"(anonymous_3)","decl":{"start":{"line":13,"column":80},"end":{"line":13,"column":81}},"loc":{"start":{"line":13,"column":95},"end":{"line":15,"column":1}},"line":13},"4":{"name":"(anonymous_4)","decl":{"start":{"line":15,"column":5},"end":{"line":15,"column":6}},"loc":{"start":{"line":15,"column":20},"end":{"line":17,"column":1}},"line":15},"5":{"name":"(anonymous_5)","decl":{"start":{"line":18,"column":50},"end":{"line":18,"column":51}},"loc":{"start":{"line":18,"column":65},"end":{"line":24,"column":1}},"line":18}},"branchMap":{"0":{"loc":{"start":{"line":2,"column":22},"end":{"line":12,"column":3}},"type":"binary-expr","locations":[{"start":{"line":2,"column":23},"end":{"line":2,"column":27}},{"start":{"line":2,"column":31},"end":{"line":2,"column":51}},{"start":{"line":2,"column":57},"end":{"line":12,"column":2}}],"line":2},"1":{"loc":{"start":{"line":2,"column":57},"end":{"line":12,"column":2}},"type":"cond-expr","locations":[{"start":{"line":2,"column":74},"end":{"line":9,"column":1}},{"start":{"line":9,"column":6},"end":{"line":12,"column":1}}],"line":2},"2":{"loc":{"start":{"line":3,"column":4},"end":{"line":3,"column":33}},"type":"if","locations":[{"start":{"line":3,"column":4},"end":{"line":3,"column":33}},{"start":{},"end":{}}],"line":3},"3":{"loc":{"start":{"line":5,"column":4},"end":{"line":7,"column":5}},"type":"if","locations":[{"start":{"line":5,"column":4},"end":{"line":7,"column":5}},{"start":{},"end":{}}],"line":5},"4":{"loc":{"start":{"line":5,"column":8},"end":{"line":5,"column":85}},"type":"binary-expr","locations":[{"start":{"line":5,"column":8},"end":{"line":5,"column":13}},{"start":{"line":5,"column":18},"end":{"line":5,"column":84}}],"line":5},"5":{"loc":{"start":{"line":5,"column":18},"end":{"line":5,"column":84}},"type":"cond-expr","locations":[{"start":{"line":5,"column":34},"end":{"line":5,"column":47}},{"start":{"line":5,"column":50},"end":{"line":5,"column":84}}],"line":5},"6":{"loc":{"start":{"line":5,"column":50},"end":{"line":5,"column":84}},"type":"binary-expr","locations":[{"start":{"line":5,"column":50},"end":{"line":5,"column":63}},{"start":{"line":5,"column":67},"end":{"line":5,"column":84}}],"line":5},"7":{"loc":{"start":{"line":10,"column":4},"end":{"line":10,"column":33}},"type":"if","locations":[{"start":{"line":10,"column":4},"end":{"line":10,"column":33}},{"start":{},"end":{}}],"line":10},"8":{"loc":{"start":{"line":13,"column":25},"end":{"line":17,"column":2}},"type":"binary-expr","locations":[{"start":{"line":13,"column":26},"end":{"line":13,"column":30}},{"start":{"line":13,"column":34},"end":{"line":13,"column":57}},{"start":{"line":13,"column":63},"end":{"line":17,"column":1}}],"line":13},"9":{"loc":{"start":{"line":13,"column":63},"end":{"line":17,"column":1}},"type":"cond-expr","locations":[{"start":{"line":13,"column":80},"end":{"line":15,"column":1}},{"start":{"line":15,"column":5},"end":{"line":17,"column":1}}],"line":13},"10":{"loc":{"start":{"line":18,"column":19},"end":{"line":24,"column":1}},"type":"binary-expr","locations":[{"start":{"line":18,"column":20},"end":{"line":18,"column":24}},{"start":{"line":18,"column":28},"end":{"line":18,"column":45}},{"start":{"line":18,"column":50},"end":{"line":24,"column":1}}],"line":18},"11":{"loc":{"start":{"line":19,"column":4},"end":{"line":19,"column":42}},"type":"if","locations":[{"start":{"line":19,"column":4},"end":{"line":19,"column":42}},{"start":{},"end":{}}],"line":19},"12":{"loc":{"start":{"line":19,"column":8},"end":{"line":19,"column":29}},"type":"binary-expr","locations":[{"start":{"line":19,"column":8},"end":{"line":19,"column":11}},{"start":{"line":19,"column":15},"end":{"line":19,"column":29}}],"line":19},"13":{"loc":{"start":{"line":21,"column":4},"end":{"line":21,"column":141}},"type":"if","locations":[{"start":{"line":21,"column":4},"end":{"line":21,"column":141}},{"start":{},"end":{}}],"line":21},"14":{"loc":{"start":{"line":21,"column":40},"end":{"line":21,"column":141}},"type":"if","locations":[{"start":{"line":21,"column":40},"end":{"line":21,"column":141}},{"start":{},"end":{}}],"line":21},"15":{"loc":{"start":{"line":21,"column":44},"end":{"line":21,"column":107}},"type":"binary-expr","locations":[{"start":{"line":21,"column":44},"end":{"line":21,"column":59}},{"start":{"line":21,"column":63},"end":{"line":21,"column":107}}],"line":21}},"s":{"0":1,"1":52,"2":52,"3":52,"4":52,"5":51,"6":1,"7":52,"8":0,"9":0,"10":0,"11":1,"12":1,"13":0,"14":1,"15":1,"16":0,"17":1,"18":1,"19":1,"20":60,"21":52,"22":1,"23":1,"24":1,"25":1,"26":1,"27":1},"f":{"0":52,"1":1,"2":0,"3":1,"4":0,"5":1},"b":{"0":[1,1,1],"1":[1,0],"2":[52,0],"3":[51,1],"4":[52,52],"5":[0,52],"6":[52,1],"7":[0,0],"8":[1,1,1],"9":[1,0],"10":[1,1,1],"11":[0,1],"12":[1,1],"13":[1,0],"14":[52,8],"15":[60,59]},"_coverageSchema":"1a1c01bbd47fc00a2c39e90264f33305004495a9","hash":"beb0bfdfbd4ab44b1e03aa82abe441c1fafd2839"}
}
